[0m01:19:59.426168 [debug] [MainThread]: Sending event: {'category': 'dbt', 'action': 'invocation', 'label': 'start', 'context': [<snowplow_tracker.self_describing_json.SelfDescribingJson object at 0x00000279E52F2A80>, <snowplow_tracker.self_describing_json.SelfDescribingJson object at 0x00000279E7FABB30>, <snowplow_tracker.self_describing_json.SelfDescribingJson object at 0x00000279E7FA8AD0>]}


============================== 01:19:59.481574 | 7cc2b975-2e7d-484b-9b00-ea771144a0be ==============================
[0m01:19:59.481574 [info ] [MainThread]: Running with dbt=1.10.13
[0m01:19:59.481574 [debug] [MainThread]: running dbt with arguments {'use_colors': 'True', 'printer_width': '80', 'profiles_dir': 'C:\\Users\\User\\.dbt', 'target_path': 'None', 'no_print': 'None', 'warn_error': 'None', 'log_path': 'logs', 'fail_fast': 'False', 'static_parser': 'True', 'send_anonymous_usage_stats': 'True', 'indirect_selection': 'eager', 'warn_error_options': 'WarnErrorOptionsV2(error=[], warn=[], silence=[])', 'partial_parse': 'True', 'version_check': 'True', 'use_experimental_parser': 'False', 'quiet': 'False', 'introspect': 'True', 'empty': 'None', 'log_cache_events': 'False', 'debug': 'False', 'log_format': 'default', 'invocation_command': 'dbt init', 'cache_selected_only': 'False', 'write_json': 'True'}
[0m01:19:59.538326 [info ] [MainThread]: Creating dbt configuration folder at C:\Users\User\.dbt
[0m01:20:35.779422 [debug] [MainThread]: Starter project path: C:\Study\DBT_Project\.venv\Lib\site-packages\dbt\include\starter_project
[0m01:20:35.823696 [info ] [MainThread]: 
Your new dbt project "ninad_dbt_project" was created!

For more information on how to configure the profiles.yml file,
please consult the dbt documentation here:

  https://docs.getdbt.com/docs/configure-your-profile

One more thing:

Need help? Don't hesitate to reach out to us via GitHub issues or on Slack:

  https://community.getdbt.com/

Happy modeling!

[0m01:20:35.825697 [info ] [MainThread]: Setting up your profile.
[0m01:21:15.047358 [debug] [MainThread]: Spark adapter: Setting pyhive.hive logging to ERROR
[0m01:21:15.048373 [debug] [MainThread]: Spark adapter: Setting thrift.transport logging to ERROR
[0m01:21:15.048373 [debug] [MainThread]: Spark adapter: Setting thrift.protocol logging to ERROR
[0m01:26:01.623345 [info ] [MainThread]: Profile ninad_dbt_project written to C:\Users\User\.dbt\profiles.yml using target's profile_template.yml and your supplied values. Run 'dbt debug' to validate the connection.
[0m01:26:01.624657 [debug] [MainThread]: Command `dbt init` succeeded at 01:26:01.624657 after 362.42 seconds
[0m01:26:01.625767 [debug] [MainThread]: Sending event: {'category': 'dbt', 'action': 'invocation', 'label': 'end', 'context': [<snowplow_tracker.self_describing_json.SelfDescribingJson object at 0x00000279E7C80920>, <snowplow_tracker.self_describing_json.SelfDescribingJson object at 0x0000027994042E40>, <snowplow_tracker.self_describing_json.SelfDescribingJson object at 0x00000279E959A390>]}
[0m01:26:01.626379 [debug] [MainThread]: Flushing usage events
[0m01:26:02.433923 [debug] [MainThread]: An error was encountered while trying to flush usage events
[0m01:26:21.726458 [debug] [MainThread]: Sending event: {'category': 'dbt', 'action': 'invocation', 'label': 'start', 'context': [<snowplow_tracker.self_describing_json.SelfDescribingJson object at 0x00000188C4698470>, <snowplow_tracker.self_describing_json.SelfDescribingJson object at 0x00000188C41CB3E0>, <snowplow_tracker.self_describing_json.SelfDescribingJson object at 0x00000188C4192660>]}


============================== 01:26:21.730373 | 9965b1da-c3d9-4259-9701-6b93c4b62ef5 ==============================
[0m01:26:21.730373 [info ] [MainThread]: Running with dbt=1.10.13
[0m01:26:21.731360 [debug] [MainThread]: running dbt with arguments {'cache_selected_only': 'False', 'write_json': 'True', 'log_format': 'default', 'profiles_dir': 'C:\\Users\\User\\.dbt', 'invocation_command': 'dbt debug', 'warn_error': 'None', 'indirect_selection': 'eager', 'partial_parse': 'True', 'fail_fast': 'False', 'send_anonymous_usage_stats': 'True', 'log_path': 'logs', 'warn_error_options': 'WarnErrorOptionsV2(error=[], warn=[], silence=[])', 'static_parser': 'True', 'version_check': 'True', 'use_experimental_parser': 'False', 'introspect': 'True', 'quiet': 'False', 'empty': 'None', 'log_cache_events': 'False', 'debug': 'False', 'no_print': 'None', 'use_colors': 'True', 'printer_width': '80', 'target_path': 'None'}
[0m01:26:21.755448 [info ] [MainThread]: dbt version: 1.10.13
[0m01:26:21.756448 [info ] [MainThread]: python version: 3.12.9
[0m01:26:21.757451 [info ] [MainThread]: python path: C:\Study\DBT_Project\.venv\Scripts\python.exe
[0m01:26:21.757451 [info ] [MainThread]: os info: Windows-11-10.0.26200-SP0
[0m01:26:22.486637 [debug] [MainThread]: Spark adapter: Setting pyhive.hive logging to ERROR
[0m01:26:22.487228 [debug] [MainThread]: Spark adapter: Setting thrift.transport logging to ERROR
[0m01:26:22.487228 [debug] [MainThread]: Spark adapter: Setting thrift.protocol logging to ERROR
[0m01:26:23.059478 [info ] [MainThread]: Using profiles dir at C:\Users\User\.dbt
[0m01:26:23.059478 [info ] [MainThread]: Using profiles.yml file at C:\Users\User\.dbt\profiles.yml
[0m01:26:23.060376 [info ] [MainThread]: Using dbt_project.yml file at C:\Study\DBT_Project\dbt_project.yml
[0m01:26:23.060376 [info ] [MainThread]: adapter type: databricks
[0m01:26:23.060376 [info ] [MainThread]: adapter version: 1.10.14
[0m01:26:23.061374 [info ] [MainThread]: Configuration:
[0m01:26:23.061374 [info ] [MainThread]:   profiles.yml file [[32mOK found and valid[0m]
[0m01:26:23.062373 [info ] [MainThread]:   dbt_project.yml file [[31mERROR not found[0m]
[0m01:26:23.062648 [info ] [MainThread]: Required dependencies:
[0m01:26:23.062993 [debug] [MainThread]: Executing "git --help"
[0m01:26:23.092045 [debug] [MainThread]: STDOUT: "b"usage: git [-v | --version] [-h | --help] [-C <path>] [-c <name>=<value>]\n           [--exec-path[=<path>]] [--html-path] [--man-path] [--info-path]\n           [-p | --paginate | -P | --no-pager] [--no-replace-objects] [--no-lazy-fetch]\n           [--no-optional-locks] [--no-advice] [--bare] [--git-dir=<path>]\n           [--work-tree=<path>] [--namespace=<name>] [--config-env=<name>=<envvar>]\n           <command> [<args>]\n\nThese are common Git commands used in various situations:\n\nstart a working area (see also: git help tutorial)\n   clone      Clone a repository into a new directory\n   init       Create an empty Git repository or reinitialize an existing one\n\nwork on the current change (see also: git help everyday)\n   add        Add file contents to the index\n   mv         Move or rename a file, a directory, or a symlink\n   restore    Restore working tree files\n   rm         Remove files from the working tree and from the index\n\nexamine the history and state (see also: git help revisions)\n   bisect     Use binary search to find the commit that introduced a bug\n   diff       Show changes between commits, commit and working tree, etc\n   grep       Print lines matching a pattern\n   log        Show commit logs\n   show       Show various types of objects\n   status     Show the working tree status\n\ngrow, mark and tweak your common history\n   backfill   Download missing objects in a partial clone\n   branch     List, create, or delete branches\n   commit     Record changes to the repository\n   merge      Join two or more development histories together\n   rebase     Reapply commits on top of another base tip\n   reset      Reset current HEAD to the specified state\n   switch     Switch branches\n   tag        Create, list, delete or verify a tag object signed with GPG\n\ncollaborate (see also: git help workflows)\n   fetch      Download objects and refs from another repository\n   pull       Fetch from and integrate with another repository or a local branch\n   push       Update remote refs along with associated objects\n\n'git help -a' and 'git help -g' list available subcommands and some\nconcept guides. See 'git help <command>' or 'git help <concept>'\nto read about a specific subcommand or concept.\nSee 'git help git' for an overview of the system.\n""
[0m01:26:23.093075 [debug] [MainThread]: STDERR: "b''"
[0m01:26:23.093075 [info ] [MainThread]:  - git [[32mOK found[0m]

[0m01:26:23.093075 [info ] [MainThread]: Connection:
[0m01:26:23.094046 [info ] [MainThread]:   host: dbc-da510fdd-4c44.cloud.databricks.com
[0m01:26:23.094046 [info ] [MainThread]:   http_path: /sql/1.0/warehouses/d0a2f4c6a6c13e52
[0m01:26:23.094046 [info ] [MainThread]:   catalog: dbt_project
[0m01:26:23.095049 [info ] [MainThread]:   schema: default
[0m01:26:23.095049 [info ] [MainThread]: Registered adapter: databricks=1.10.14
[0m01:26:23.315039 [debug] [MainThread]: Databricks adapter: DatabricksDBTConnection(session-id=None, name=debug) - Creating connection
[0m01:26:23.315039 [debug] [MainThread]: Acquiring new databricks connection 'debug'
[0m01:26:23.315982 [debug] [MainThread]: Using databricks connection "debug"
[0m01:26:23.315982 [debug] [MainThread]: On debug: select 1 as id
[0m01:26:23.315982 [debug] [MainThread]: Opening a new connection, currently in state init
[0m01:26:24.352493 [debug] [MainThread]: Databricks adapter: Connection(session-id=01f0b78a-f259-1cd9-adc4-825bb90bf765) - Created
[0m01:26:25.339232 [debug] [MainThread]: SQL status: OK in 2.020 seconds
[0m01:26:25.340216 [debug] [MainThread]: Databricks adapter: Cursor(session-id=01f0b78a-f259-1cd9-adc4-825bb90bf765, command-id=01f0b78a-f287-159a-b187-f00b6254766d) - Closing
[0m01:26:25.340216 [debug] [MainThread]: On debug: Close
[0m01:26:25.340216 [debug] [MainThread]: Databricks adapter: Connection(session-id=01f0b78a-f259-1cd9-adc4-825bb90bf765) - Closing
[0m01:26:25.543861 [info ] [MainThread]:   Connection test: [[32mOK connection ok[0m]

[0m01:26:25.544859 [info ] [MainThread]: [31m1 check failed:[0m
[0m01:26:25.544859 [info ] [MainThread]: Project loading failed for the following reason:
 project path <C:\Study\DBT_Project\dbt_project.yml> not found

[0m01:26:25.545488 [debug] [MainThread]: Command `dbt debug` failed at 01:26:25.545488 after 4.07 seconds
[0m01:26:25.545488 [debug] [MainThread]: Sending event: {'category': 'dbt', 'action': 'invocation', 'label': 'end', 'context': [<snowplow_tracker.self_describing_json.SelfDescribingJson object at 0x00000188C1F67020>, <snowplow_tracker.self_describing_json.SelfDescribingJson object at 0x00000188C3F30D70>, <snowplow_tracker.self_describing_json.SelfDescribingJson object at 0x00000188C3F5F3E0>]}
[0m01:26:25.545488 [debug] [MainThread]: Flushing usage events
[0m01:26:26.498758 [debug] [MainThread]: An error was encountered while trying to flush usage events
